============================= test session starts ==============================
platform linux2 -- Python 2.7.6 -- py-1.4.30 -- pytest-2.7.2 -- /home/user/envs/bin/python
rootdir: /data/norep/git/pytorch, inifile: 
collecting ... initializing PyTorch...
generator null: False
 ... PyTorch initialized
collected 4 items

test/testByteTensor.py::test_byte_tensor test_byte_tensor
a : 3 1
1 1
1 1
[torch.ByteTensor of size 3x2]

a[1][1] = 9
a : 3 1
1 9
1 1
[torch.ByteTensor of size 3x2]

a.size() : 3 2
[torch.LongTensor of size 2]

a + 2 : 5 3
3 11
3 3
[torch.ByteTensor of size 3x2]

a.resize2d(3,3)
a : 3 1 1
9 1 1
0 0 88
[torch.ByteTensor of size 3x3]

PASSED
test/testDoubleTensor.py::test_double_tensor dir(G) ['DoubleTensor', 'LongTensor']
test_double_tensor
got double a
a.dims() : 2
a : 0.134273499483 0.218557766173
0.753550141351 0.250404775143
0.507966047386 0.241518686991
[torch.DoubleTensor of size 3x2]

a[1][1] = 9
a : 0.134273499483 0.218557766173
0.753550141351 9.0
0.507966047386 0.241518686991
[torch.DoubleTensor of size 3x2]

a.size() : 3 2
[torch.LongTensor of size 2]

a + 2 : 2.13427349948 2.21855776617
2.75355014135 11.0
2.50796604739 2.24151868699
[torch.DoubleTensor of size 3x2]

a.resize2d(3,3)
a : 0.134273499483 0.218557766173 0.753550141351
9.0 0.507966047386 0.241518686991
6.94502852162e-310 1.63041663128e-322 2.25862781926e-316
[torch.DoubleTensor of size 3x3]

size = LongTensor(2)
size[0] = 4
size[1] = 2
a.resize(size)
a : 0.134273499483 0.218557766173
0.753550141351 9.0
0.507966047386 0.241518686991
6.94502852162e-310 1.63041663128e-322
[torch.DoubleTensor of size 4x2]

DoubleTensor(3,4).uniform() : 0.272146659205 0.833296852652 0.414335747948 0.383377889171
0.137577534886 0.774686451769 0.926580569008 0.0211939495057
0.25576945697 0.906087369192 0.649900031742 0.675126256188
[torch.DoubleTensor of size 3x4]

DoubleTensor(3,4).bernoulli() : 0.0 1.0 0.0 0.0
0.0 1.0 1.0 1.0
1.0 1.0 1.0 0.0
[torch.DoubleTensor of size 3x4]

DoubleTensor(3,4).normal() : 0.445148103301 -1.45256703124 -1.77948123246 0.684064072218
-0.432850664192 -0.900552370411 0.251784125488 0.525447048289
1.47824376497 -0.285154541099 -0.505549384597 0.462198099523
[torch.DoubleTensor of size 3x4]

DoubleTensor(3,4).cauchy() : -0.334286042855 -0.474965686612 0.19108573463 0.786342529515
-1.94228893806 2.23064059669 0.316781973286 0.513994376008
-1.2504371109 1.43607218985 0.163340704135 -4.39237772276
[torch.DoubleTensor of size 3x4]

DoubleTensor(3,4).exponential() : 1.23804263995 0.0327391756796 1.56564420936 1.165913693
1.62846687429 0.085162691737 0.165826790499 0.0361223654057
0.338807997802 0.228322701909 2.47748884048 0.555764781695
[torch.DoubleTensor of size 3x4]

DoubleTensor(3,4).logNormal() : 0.0848915465243 1.50064938102 0.358826742594 4.1869499892
0.0290164449572 1.27924991776 0.259124226678 0.104771740904
0.683311640035 0.825298897456 1.72614503027 0.568223769871
[torch.DoubleTensor of size 3x4]

DoubleTensor(3,4).geometric() : 11.0 1.0 1.0 1.0
3.0 1.0 2.0 2.0
1.0 2.0 3.0 4.0
[torch.DoubleTensor of size 3x4]

PASSED
test/testFloatTensor.py::test_float_tensor dir(G) []
test_float_tensor
got float a
a.dims() : 2
a : 0.931889 0.551056
0.26708 0.205038
0.428333 0.169179
[torch.FloatTensor of size 3x2]

a[1][1] = 9
a : 0.931889 0.551056
0.26708 9
0.428333 0.169179
[torch.FloatTensor of size 3x2]

a.size() : 3 2
[torch.LongTensor of size 2]

PASSED
test/testLongTensor.py::test_long_tensor test_long_tensor
a : 1 1
1 4
2 3
[torch.LongTensor of size 3x2]

a[1][1] = 9
a : 1 1
1 9
2 3
[torch.LongTensor of size 3x2]

a.size() : 3 2
[torch.LongTensor of size 2]

a + 2 : 3 3
3 11
4 5
[torch.LongTensor of size 3x2]

a.resize2d(3,3)
a : 1 1 1
9 2 3
140568942203072 0 140568976475448
[torch.LongTensor of size 3x3]

PASSED

=========================== 4 passed in 0.29 seconds ===========================
